<?xml version="1.0" encoding="UTF-8"?>
<!-- Generated by org.testng.reporters.JUnitXMLReporter -->
<testsuite ignored="0" hostname="Shivagowri" failures="0" tests="3" name="Test" time="0.152" errors="0" timestamp="2023-07-22T10:20:06 IST">
  <testcase classname="utils.AppTest" name="@BeforeMethod invokeBrowser" time="0.022">
    <failure type="java.lang.NullPointerException" message="Cannot invoke &amp;quot;org.openqa.selenium.WebDriver.get(String)&amp;quot; because &amp;quot;BasePage.BaseUI.driver&amp;quot; is null">
      <![CDATA[java.lang.NullPointerException: Cannot invoke "org.openqa.selenium.WebDriver.get(String)" because "BasePage.BaseUI.driver" is null
at BasePage.BaseUI.openUrl(BaseUI.java:56)
at utils.AppTest.invokeBrowser(AppTest.java:19)
at java.base/java.util.ArrayList.forEach(ArrayList.java:1511)
... Removed 31 stack frames]]>
    </failure>
  </testcase> <!-- @BeforeMethod invokeBrowser -->
  <testcase classname="utils.AppTest" name="@AfterMethod closeBrowser" time="0.0">
    <skipped/>
  </testcase> <!-- @AfterMethod closeBrowser -->
  <testcase classname="utils.AppTest" name="@BeforeMethod invokeBrowser" time="0.0">
    <skipped/>
  </testcase> <!-- @BeforeMethod invokeBrowser -->
  <testcase classname="utils.AppTest" name="@AfterMethod closeBrowser" time="0.0">
    <skipped/>
  </testcase> <!-- @AfterMethod closeBrowser -->
  <testcase classname="utils.AppTest" name="@BeforeMethod invokeBrowser" time="0.0">
    <skipped/>
  </testcase> <!-- @BeforeMethod invokeBrowser -->
  <testcase classname="utils.AppTest" name="@AfterMethod closeBrowser" time="0.0">
    <skipped/>
  </testcase> <!-- @AfterMethod closeBrowser -->
  <testcase classname="utils.AppTest" name="webDevelopmentTest" time="0.0">
    <skipped/>
  </testcase> <!-- webDevelopmentTest -->
  <testcase classname="utils.AppTest" name="languageLearningTest" time="0.0">
    <skipped/>
  </testcase> <!-- languageLearningTest -->
  <testcase classname="utils.AppTest" name="readyToTransFormTest" time="0.001">
    <skipped/>
  </testcase> <!-- readyToTransFormTest -->
</testsuite> <!-- Test -->
